  [1m[35m (1.5ms)[0m  [1m[34mSELECT sqlite_version(*)[0m
  [1m[35m (68.8ms)[0m  [1m[35mCREATE TABLE "schema_migrations" ("version" varchar NOT NULL PRIMARY KEY)[0m
  [1m[35m (16.0ms)[0m  [1m[35mCREATE TABLE "ar_internal_metadata" ("key" varchar NOT NULL PRIMARY KEY, "value" varchar, "created_at" datetime(6) NOT NULL, "updated_at" datetime(6) NOT NULL)[0m
  [1m[35m (0.1ms)[0m  [1m[34mSELECT "schema_migrations"."version" FROM "schema_migrations" ORDER BY "schema_migrations"."version" ASC[0m
Migrating to CreateUsers (20211213131444)
  [1m[36mTRANSACTION (0.1ms)[0m  [1m[36mbegin transaction[0m
  [1m[35m (0.5ms)[0m  [1m[35mCREATE TABLE "users" ("id" integer PRIMARY KEY AUTOINCREMENT NOT NULL, "username" varchar, "email" varchar, "password_digest" varchar, "created_at" datetime(6) NOT NULL, "updated_at" datetime(6) NOT NULL)[0m
  [1m[35m (0.2ms)[0m  [1m[35mCREATE UNIQUE INDEX "index_users_on_email" ON "users" ("email")[0m
  [1m[36mActiveRecord::SchemaMigration Create (0.2ms)[0m  [1m[32mINSERT INTO "schema_migrations" ("version") VALUES (?)[0m  [["version", "20211213131444"]]
  [1m[36mTRANSACTION (57.0ms)[0m  [1m[36mcommit transaction[0m
  [1m[36mActiveRecord::InternalMetadata Load (0.1ms)[0m  [1m[34mSELECT "ar_internal_metadata".* FROM "ar_internal_metadata" WHERE "ar_internal_metadata"."key" = ? LIMIT ?[0m  [["key", "environment"], ["LIMIT", 1]]
  [1m[36mTRANSACTION (0.0ms)[0m  [1m[36mbegin transaction[0m
  [1m[36mActiveRecord::InternalMetadata Create (0.2ms)[0m  [1m[32mINSERT INTO "ar_internal_metadata" ("key", "value", "created_at", "updated_at") VALUES (?, ?, ?, ?)[0m  [["key", "environment"], ["value", "development"], ["created_at", "2021-12-13 13:14:56.446070"], ["updated_at", "2021-12-13 13:14:56.446070"]]
  [1m[36mTRANSACTION (12.5ms)[0m  [1m[36mcommit transaction[0m
  [1m[35m (0.1ms)[0m  [1m[34mSELECT sqlite_version(*)[0m
  [1m[35m (0.1ms)[0m  [1m[34mSELECT "schema_migrations"."version" FROM "schema_migrations" ORDER BY "schema_migrations"."version" ASC[0m
Started GET "/" for 127.0.0.1 at 2021-12-13 16:15:06 +0300
  [1m[35m (0.6ms)[0m  [1m[34mSELECT sqlite_version(*)[0m
  [1m[35m (0.2ms)[0m  [1m[34mSELECT "schema_migrations"."version" FROM "schema_migrations" ORDER BY "schema_migrations"."version" ASC[0m
Processing by Rails::WelcomeController#index as HTML
  Rendering /home/hoangphuong/.rvm/gems/ruby-3.0.0/gems/railties-6.1.4.1/lib/rails/templates/rails/welcome/index.html.erb
  Rendered /home/hoangphuong/.rvm/gems/ruby-3.0.0/gems/railties-6.1.4.1/lib/rails/templates/rails/welcome/index.html.erb (Duration: 8.5ms | Allocations: 518)
Completed 200 OK in 28ms (Views: 13.2ms | ActiveRecord: 0.0ms | Allocations: 6836)


Started GET "/users" for 127.0.0.1 at 2021-12-13 16:15:10 +0300
Processing by UsersController#index as HTML
  Rendering layout layouts/application.html.erb
  Rendering users/index.html.erb within layouts/application
  [1m[36mUser Load (0.3ms)[0m  [1m[34mSELECT "users".* FROM "users"[0m
  ↳ app/views/users/index.html.erb:15
  Rendered users/index.html.erb within layouts/application (Duration: 4.0ms | Allocations: 1183)
[Webpacker] Compiling...
[Webpacker] Compiled all packs in /home/hoangphuong/Documents/IU6-33B Web/lab12_nw/my_app/public/packs
[Webpacker] Hash: e2a8a876c5815bee1e21
Version: webpack 4.46.0
Time: 1555ms
Built at: 12/13/2021 4:15:13 PM
                                     Asset       Size       Chunks                         Chunk Names
    js/application-e421b4aa3f716bebdab1.js    125 KiB  application  [emitted] [immutable]  application
js/application-e421b4aa3f716bebdab1.js.map    139 KiB  application  [emitted] [dev]        application
                             manifest.json  364 bytes               [emitted]              
Entrypoint application = js/application-e421b4aa3f716bebdab1.js js/application-e421b4aa3f716bebdab1.js.map
[./app/javascript/channels sync recursive _channel\.js$] ./app/javascript/channels sync _channel\.js$ 160 bytes {application} [built]
[./app/javascript/channels/index.js] 211 bytes {application} [built]
[./app/javascript/packs/application.js] 492 bytes {application} [built]
[./node_modules/webpack/buildin/module.js] (webpack)/buildin/module.js 552 bytes {application} [built]
    + 3 hidden modules

  Rendered layout layouts/application.html.erb (Duration: 2995.4ms | Allocations: 19052)
Completed 200 OK in 3001ms (Views: 2996.7ms | ActiveRecord: 0.3ms | Allocations: 23632)


Started GET "/users/new" for 127.0.0.1 at 2021-12-13 16:15:16 +0300
Processing by UsersController#new as HTML
  Rendering layout layouts/application.html.erb
  Rendering users/new.html.erb within layouts/application
  Rendered users/_form.html.erb (Duration: 36.0ms | Allocations: 5388)
  Rendered users/new.html.erb within layouts/application (Duration: 37.2ms | Allocations: 5760)
[Webpacker] Everything's up-to-date. Nothing to do
  Rendered layout layouts/application.html.erb (Duration: 51.3ms | Allocations: 8849)
Completed 200 OK in 87ms (Views: 51.9ms | ActiveRecord: 0.7ms | Allocations: 12907)


Started GET "/users" for 127.0.0.1 at 2021-12-13 16:15:19 +0300
Processing by UsersController#index as HTML
  Rendering layout layouts/application.html.erb
  Rendering users/index.html.erb within layouts/application
  [1m[36mUser Load (0.2ms)[0m  [1m[34mSELECT "users".* FROM "users"[0m
  ↳ app/views/users/index.html.erb:15
  Rendered users/index.html.erb within layouts/application (Duration: 3.6ms | Allocations: 724)
[Webpacker] Everything's up-to-date. Nothing to do
  Rendered layout layouts/application.html.erb (Duration: 14.2ms | Allocations: 3823)
Completed 200 OK in 16ms (Views: 15.0ms | ActiveRecord: 0.2ms | Allocations: 4296)


Started GET "/" for 127.0.0.1 at 2021-12-13 16:22:03 +0300
  [1m[35m (0.6ms)[0m  [1m[34mSELECT sqlite_version(*)[0m
  [1m[35m (0.2ms)[0m  [1m[34mSELECT "schema_migrations"."version" FROM "schema_migrations" ORDER BY "schema_migrations"."version" ASC[0m
Processing by SessionsController#new as HTML
  Rendering layout layouts/application.html.erb
  Rendering sessions/new.html.erb within layouts/application
  Rendered sessions/new.html.erb within layouts/application (Duration: 1.7ms | Allocations: 932)
[Webpacker] Everything's up-to-date. Nothing to do
  Rendered layout layouts/application.html.erb (Duration: 49.3ms | Allocations: 23666)
Completed 200 OK in 59ms (Views: 51.7ms | ActiveRecord: 0.0ms | Allocations: 26857)


Started POST "/login" for 127.0.0.1 at 2021-12-13 16:22:28 +0300
Processing by SessionsController#create as HTML
  Parameters: {"authenticity_token"=>"[FILTERED]", "email"=>"phuonght.hp@gmail.com", "password"=>"[FILTERED]", "commit"=>"Login"}
  [1m[36mUser Load (0.3ms)[0m  [1m[34mSELECT "users".* FROM "users" WHERE "users"."email" = ? LIMIT ?[0m  [["email", "phuonght.hp@gmail.com"], ["LIMIT", 1]]
  ↳ app/controllers/sessions_controller.rb:7:in `create'
Redirected to http://localhost:3000/login
Completed 302 Found in 13ms (ActiveRecord: 0.6ms | Allocations: 4260)


Started GET "/login" for 127.0.0.1 at 2021-12-13 16:22:28 +0300
Processing by SessionsController#new as HTML
  Rendering layout layouts/application.html.erb
  Rendering sessions/new.html.erb within layouts/application
  Rendered sessions/new.html.erb within layouts/application (Duration: 1.0ms | Allocations: 288)
[Webpacker] Everything's up-to-date. Nothing to do
  Rendered layout layouts/application.html.erb (Duration: 7.0ms | Allocations: 3501)
Completed 200 OK in 8ms (Views: 7.7ms | ActiveRecord: 0.0ms | Allocations: 3955)


Started GET "/users/new" for 127.0.0.1 at 2021-12-13 16:22:32 +0300
Processing by UsersController#new as HTML
  Rendering layout layouts/application.html.erb
  Rendering users/new.html.erb within layouts/application
  Rendered users/_form.html.erb (Duration: 7.5ms | Allocations: 3284)
  Rendered users/new.html.erb within layouts/application (Duration: 9.2ms | Allocations: 3671)
[Webpacker] Everything's up-to-date. Nothing to do
  Rendered layout layouts/application.html.erb (Duration: 20.5ms | Allocations: 6938)
Completed 200 OK in 32ms (Views: 22.7ms | ActiveRecord: 0.4ms | Allocations: 11002)


Started POST "/users" for 127.0.0.1 at 2021-12-13 16:23:13 +0300
Processing by UsersController#create as HTML
  Parameters: {"authenticity_token"=>"[FILTERED]", "user"=>{"username"=>"phuonght017", "email"=>"phuonght.hp@gmail.com", "password"=>"[FILTERED]", "password_confirmation"=>"[FILTERED]"}, "commit"=>"Create User"}
  [1m[36mTRANSACTION (0.1ms)[0m  [1m[36mbegin transaction[0m
  ↳ app/controllers/users_controller.rb:27:in `block in create'
  [1m[36mUser Create (0.4ms)[0m  [1m[32mINSERT INTO "users" ("username", "email", "password_digest", "created_at", "updated_at") VALUES (?, ?, ?, ?, ?)[0m  [["username", "phuonght017"], ["email", "phuonght.hp@gmail.com"], ["password_digest", "$2a$12$eGcJsiuem/fFziVVXT7gY.wNB9nFwCjnw7OL9K3lep0TJCLsseLVa"], ["created_at", "2021-12-13 13:23:13.281375"], ["updated_at", "2021-12-13 13:23:13.281375"]]
  ↳ app/controllers/users_controller.rb:27:in `block in create'
  [1m[36mTRANSACTION (13.9ms)[0m  [1m[36mcommit transaction[0m
  ↳ app/controllers/users_controller.rb:27:in `block in create'
Redirected to http://localhost:3000/users/1
Completed 302 Found in 283ms (ActiveRecord: 14.4ms | Allocations: 5616)


Started GET "/users/1" for 127.0.0.1 at 2021-12-13 16:23:13 +0300
Processing by UsersController#show as HTML
  Parameters: {"id"=>"1"}
  [1m[36mUser Load (0.3ms)[0m  [1m[34mSELECT "users".* FROM "users" WHERE "users"."id" = ? LIMIT ?[0m  [["id", 1], ["LIMIT", 1]]
  ↳ app/controllers/users_controller.rb:62:in `set_user'
  Rendering layout layouts/application.html.erb
  Rendering users/show.html.erb within layouts/application
  Rendered users/show.html.erb within layouts/application (Duration: 1.3ms | Allocations: 284)
[Webpacker] Everything's up-to-date. Nothing to do
  Rendered layout layouts/application.html.erb (Duration: 7.7ms | Allocations: 3500)
Completed 200 OK in 12ms (Views: 8.3ms | ActiveRecord: 0.3ms | Allocations: 4784)


Started GET "/users/1" for 127.0.0.1 at 2021-12-13 16:24:10 +0300
Processing by UsersController#show as HTML
  Parameters: {"id"=>"1"}
  [1m[36mUser Load (0.2ms)[0m  [1m[34mSELECT "users".* FROM "users" WHERE "users"."id" = ? LIMIT ?[0m  [["id", 1], ["LIMIT", 1]]
  ↳ app/controllers/users_controller.rb:62:in `set_user'
  Rendering layout layouts/application.html.erb
  Rendering users/show.html.erb within layouts/application
  Rendered users/show.html.erb within layouts/application (Duration: 1.0ms | Allocations: 324)
[Webpacker] Everything's up-to-date. Nothing to do
  Rendered layout layouts/application.html.erb (Duration: 8.1ms | Allocations: 3776)
Completed 200 OK in 16ms (Views: 11.2ms | ActiveRecord: 0.2ms | Allocations: 5558)


Started GET "/friend_num" for 127.0.0.1 at 2021-12-13 16:24:45 +0300
Processing by FriendNumController#input as HTML
  Rendering layout layouts/application.html.erb
  Rendering friend_num/input.html.erb within layouts/application
  Rendered friend_num/input.html.erb within layouts/application (Duration: 15.8ms | Allocations: 5106)
  Rendered layout layouts/application.html.erb (Duration: 16.4ms | Allocations: 5175)
Completed 500 Internal Server Error in 20ms (ActiveRecord: 0.0ms | Allocations: 6158)


  
ActionView::Template::Error (undefined local variable or method `current_user' for #<ActionView::Base:0x00000000008890>
Did you mean?  current_page?):
     8:     <title>Friend Number</title>
     9: </head>
    10: <body>
    11:     <% if current_user %>
    12:         <h1>FRIEND NUMBER - Logged in as <%=current_user.usename %></h1>
    13:         <h3>Two numbers are called friend if each of them is equal to the sum of all divisors of another, except for this number itself. </h3>
    14:         <%= form_with(url: friend_num_path, method: "post", local: false) do |form|%>
  
app/views/friend_num/input.html.erb:11
Started GET "/friend_num" for 127.0.0.1 at 2021-12-13 16:25:34 +0300
Processing by FriendNumController#input as HTML
  Rendering layout layouts/application.html.erb
  Rendering friend_num/input.html.erb within layouts/application
  Rendered friend_num/input.html.erb within layouts/application (Duration: 0.4ms | Allocations: 120)
[Webpacker] Everything's up-to-date. Nothing to do
  Rendered layout layouts/application.html.erb (Duration: 8.4ms | Allocations: 3383)
Completed 200 OK in 10ms (Views: 9.6ms | Allocations: 4008)


Started GET "/login" for 127.0.0.1 at 2021-12-13 16:26:00 +0300
Processing by SessionsController#new as HTML
  Rendering layout layouts/application.html.erb
  Rendering sessions/new.html.erb within layouts/application
  Rendered sessions/new.html.erb within layouts/application (Duration: 2.8ms | Allocations: 561)
[Webpacker] Everything's up-to-date. Nothing to do
  Rendered layout layouts/application.html.erb (Duration: 8.6ms | Allocations: 3823)
Completed 200 OK in 12ms (Views: 10.5ms | Allocations: 4831)


Started POST "/login" for 127.0.0.1 at 2021-12-13 16:26:06 +0300
Processing by SessionsController#create as HTML
  Parameters: {"authenticity_token"=>"[FILTERED]", "email"=>"phuonght.hp@gmail.com", "password"=>"[FILTERED]", "commit"=>"Login"}
  [1m[35m (0.1ms)[0m  [1m[34mSELECT sqlite_version(*)[0m
  ↳ app/controllers/sessions_controller.rb:7:in `create'
  [1m[36mUser Load (1.6ms)[0m  [1m[34mSELECT "users".* FROM "users" WHERE "users"."email" = ? LIMIT ?[0m  [["email", "phuonght.hp@gmail.com"], ["LIMIT", 1]]
  ↳ app/controllers/sessions_controller.rb:7:in `create'
Redirected to http://localhost:3000/friend_num
Completed 302 Found in 264ms (ActiveRecord: 3.0ms | Allocations: 6865)


Started GET "/friend_num" for 127.0.0.1 at 2021-12-13 16:26:06 +0300
Processing by FriendNumController#input as HTML
  Rendering layout layouts/application.html.erb
  Rendering friend_num/input.html.erb within layouts/application
  [1m[36mUser Load (0.2ms)[0m  [1m[34mSELECT "users".* FROM "users" WHERE "users"."id" = ? LIMIT ?[0m  [["id", 1], ["LIMIT", 1]]
  ↳ app/controllers/application_controller.rb:6:in `current_user'
  Rendered friend_num/input.html.erb within layouts/application (Duration: 7.5ms | Allocations: 4020)
  Rendered layout layouts/application.html.erb (Duration: 7.8ms | Allocations: 4089)
Completed 500 Internal Server Error in 10ms (ActiveRecord: 0.2ms | Allocations: 4513)


  
ActionView::Template::Error (undefined method `usename' for #<User id: 1, username: "phuonght017", email: "phuonght.hp@gmail.com", password_digest: [FILTERED], created_at: "2021-12-13 13:23:13.281375000 +0000", updated_at: "2021-12-13 13:23:13.281375000 +0000">
Did you mean?  username
               username?
               username=):
     9: </head>
    10: <body>
    11:     <% if current_user %>
    12:         <h1>FRIEND NUMBER - Logged in as <%=current_user.usename %></h1>
    13:         <h3>Two numbers are called friend if each of them is equal to the sum of all divisors of another, except for this number itself. </h3>
    14:         <%= form_with(url: friend_num_path, method: "post", local: false) do |form|%>
    15:             <%= form.label :num, "Enter n: " %>
  
app/views/friend_num/input.html.erb:12
Started GET "/friend_num" for 127.0.0.1 at 2021-12-13 16:26:32 +0300
Processing by FriendNumController#input as HTML
  Rendering layout layouts/application.html.erb
  Rendering friend_num/input.html.erb within layouts/application
  [1m[36mUser Load (0.1ms)[0m  [1m[34mSELECT "users".* FROM "users" WHERE "users"."id" = ? LIMIT ?[0m  [["id", 1], ["LIMIT", 1]]
  ↳ app/controllers/application_controller.rb:6:in `current_user'
  Rendered friend_num/input.html.erb within layouts/application (Duration: 3.4ms | Allocations: 2165)
[Webpacker] Everything's up-to-date. Nothing to do
  Rendered layout layouts/application.html.erb (Duration: 10.0ms | Allocations: 5504)
Completed 200 OK in 13ms (Views: 11.6ms | ActiveRecord: 0.1ms | Allocations: 6721)


Started POST "/result" for 127.0.0.1 at 2021-12-13 16:26:39 +0300
Processing by FriendNumController#result as JS
  Parameters: {"authenticity_token"=>"[FILTERED]", "num"=>"2025", "commit"=>"Get result"}
  Rendering friend_num/result.js.erb
  Rendered friend_num/_result.html.erb (Duration: 0.6ms | Allocations: 214)
  Rendered friend_num/result.js.erb (Duration: 3.0ms | Allocations: 606)
Completed 200 OK in 231ms (Views: 5.0ms | ActiveRecord: 0.0ms | Allocations: 6185)


Started DELETE "/logout" for 127.0.0.1 at 2021-12-13 16:27:42 +0300
Processing by SessionsController#destroy as HTML
  Parameters: {"authenticity_token"=>"[FILTERED]"}
Redirected to http://localhost:3000/login
Completed 302 Found in 1ms (ActiveRecord: 0.0ms | Allocations: 305)


Started GET "/login" for 127.0.0.1 at 2021-12-13 16:27:42 +0300
Processing by SessionsController#new as HTML
  Rendering layout layouts/application.html.erb
  Rendering sessions/new.html.erb within layouts/application
  Rendered sessions/new.html.erb within layouts/application (Duration: 1.4ms | Allocations: 562)
[Webpacker] Everything's up-to-date. Nothing to do
  Rendered layout layouts/application.html.erb (Duration: 9.3ms | Allocations: 3995)
Completed 200 OK in 13ms (Views: 11.8ms | ActiveRecord: 0.0ms | Allocations: 5213)


  [1m[35m (0.4ms)[0m  [1m[34mSELECT sqlite_version(*)[0m
  [1m[35m (0.1ms)[0m  [1m[34mSELECT "schema_migrations"."version" FROM "schema_migrations" ORDER BY "schema_migrations"."version" ASC[0m
  [1m[35m (1.6ms)[0m  [1m[34mSELECT "ar_internal_metadata"."value" FROM "ar_internal_metadata" WHERE "ar_internal_metadata"."key" = ?[0m  [["key", "environment"]]
  [1m[35m (0.1ms)[0m  [1m[34mSELECT "schema_migrations"."version" FROM "schema_migrations" ORDER BY "schema_migrations"."version" ASC[0m
  [1m[35m (0.1ms)[0m  [1m[34mSELECT "ar_internal_metadata"."value" FROM "ar_internal_metadata" WHERE "ar_internal_metadata"."key" = ?[0m  [["key", "environment"]]
  [1m[35m (0.1ms)[0m  [1m[34mSELECT "schema_migrations"."version" FROM "schema_migrations" ORDER BY "schema_migrations"."version" ASC[0m
  [1m[35m (0.1ms)[0m  [1m[34mSELECT "ar_internal_metadata"."value" FROM "ar_internal_metadata" WHERE "ar_internal_metadata"."key" = ?[0m  [["key", "environment"]]
  [1m[35m (0.1ms)[0m  [1m[34mSELECT sqlite_version(*)[0m
  [1m[35m (0.1ms)[0m  [1m[34mSELECT sqlite_version(*)[0m
  [1m[35m (0.1ms)[0m  [1m[34mSELECT sqlite_version(*)[0m
  [1m[35m (0.1ms)[0m  [1m[35mDROP TABLE IF EXISTS "users"[0m
  [1m[35m (5.6ms)[0m  [1m[35mCREATE TABLE "users" ("id" integer PRIMARY KEY AUTOINCREMENT NOT NULL, "username" varchar, "email" varchar, "password_digest" varchar, "created_at" datetime(6) NOT NULL, "updated_at" datetime(6) NOT NULL)[0m
  [1m[35m (6.0ms)[0m  [1m[35mCREATE UNIQUE INDEX "index_users_on_email" ON "users" ("email")[0m
  [1m[35m (5.5ms)[0m  [1m[35mCREATE TABLE "schema_migrations" ("version" varchar NOT NULL PRIMARY KEY)[0m
  [1m[35m (0.1ms)[0m  [1m[34mSELECT "schema_migrations"."version" FROM "schema_migrations" ORDER BY "schema_migrations"."version" ASC[0m
  [1m[35m (5.3ms)[0m  [1m[32mINSERT INTO "schema_migrations" (version) VALUES (20211213131444)[0m
  [1m[35m (7.0ms)[0m  [1m[35mCREATE TABLE "ar_internal_metadata" ("key" varchar NOT NULL PRIMARY KEY, "value" varchar, "created_at" datetime(6) NOT NULL, "updated_at" datetime(6) NOT NULL)[0m
  [1m[36mActiveRecord::InternalMetadata Load (0.2ms)[0m  [1m[34mSELECT "ar_internal_metadata".* FROM "ar_internal_metadata" WHERE "ar_internal_metadata"."key" = ? LIMIT ?[0m  [["key", "environment"], ["LIMIT", 1]]
  [1m[36mTRANSACTION (0.1ms)[0m  [1m[36mbegin transaction[0m
  [1m[36mActiveRecord::InternalMetadata Create (0.4ms)[0m  [1m[32mINSERT INTO "ar_internal_metadata" ("key", "value", "created_at", "updated_at") VALUES (?, ?, ?, ?)[0m  [["key", "environment"], ["value", "development"], ["created_at", "2021-12-13 13:37:30.988425"], ["updated_at", "2021-12-13 13:37:30.988425"]]
  [1m[36mTRANSACTION (5.0ms)[0m  [1m[36mcommit transaction[0m
  [1m[36mActiveRecord::InternalMetadata Load (0.1ms)[0m  [1m[34mSELECT "ar_internal_metadata".* FROM "ar_internal_metadata" WHERE "ar_internal_metadata"."key" = ? LIMIT ?[0m  [["key", "environment"], ["LIMIT", 1]]
  [1m[36mActiveRecord::InternalMetadata Load (0.1ms)[0m  [1m[34mSELECT "ar_internal_metadata".* FROM "ar_internal_metadata" WHERE "ar_internal_metadata"."key" = ? LIMIT ?[0m  [["key", "schema_sha1"], ["LIMIT", 1]]
  [1m[36mTRANSACTION (0.0ms)[0m  [1m[36mbegin transaction[0m
  [1m[36mActiveRecord::InternalMetadata Create (0.2ms)[0m  [1m[32mINSERT INTO "ar_internal_metadata" ("key", "value", "created_at", "updated_at") VALUES (?, ?, ?, ?)[0m  [["key", "schema_sha1"], ["value", "aff375e7aab4933f8963a6fa5a930973254fdeaa"], ["created_at", "2021-12-13 13:37:31.002706"], ["updated_at", "2021-12-13 13:37:31.002706"]]
  [1m[36mTRANSACTION (5.5ms)[0m  [1m[36mcommit transaction[0m
  [1m[35m (0.1ms)[0m  [1m[34mSELECT sqlite_version(*)[0m
  [1m[35m (0.1ms)[0m  [1m[35mDROP TABLE IF EXISTS "users"[0m
  [1m[35m (5.0ms)[0m  [1m[35mCREATE TABLE "users" ("id" integer PRIMARY KEY AUTOINCREMENT NOT NULL, "username" varchar, "email" varchar, "password_digest" varchar, "created_at" datetime(6) NOT NULL, "updated_at" datetime(6) NOT NULL)[0m
  [1m[35m (5.3ms)[0m  [1m[35mCREATE UNIQUE INDEX "index_users_on_email" ON "users" ("email")[0m
  [1m[35m (5.1ms)[0m  [1m[35mCREATE TABLE "schema_migrations" ("version" varchar NOT NULL PRIMARY KEY)[0m
  [1m[35m (0.1ms)[0m  [1m[34mSELECT "schema_migrations"."version" FROM "schema_migrations" ORDER BY "schema_migrations"."version" ASC[0m
  [1m[35m (4.2ms)[0m  [1m[32mINSERT INTO "schema_migrations" (version) VALUES (20211213131444)[0m
  [1m[35m (5.1ms)[0m  [1m[35mCREATE TABLE "ar_internal_metadata" ("key" varchar NOT NULL PRIMARY KEY, "value" varchar, "created_at" datetime(6) NOT NULL, "updated_at" datetime(6) NOT NULL)[0m
  [1m[36mActiveRecord::InternalMetadata Load (0.1ms)[0m  [1m[34mSELECT "ar_internal_metadata".* FROM "ar_internal_metadata" WHERE "ar_internal_metadata"."key" = ? LIMIT ?[0m  [["key", "environment"], ["LIMIT", 1]]
  [1m[36mTRANSACTION (0.0ms)[0m  [1m[36mbegin transaction[0m
  [1m[36mActiveRecord::InternalMetadata Create (0.2ms)[0m  [1m[32mINSERT INTO "ar_internal_metadata" ("key", "value", "created_at", "updated_at") VALUES (?, ?, ?, ?)[0m  [["key", "environment"], ["value", "development"], ["created_at", "2021-12-13 13:37:31.051072"], ["updated_at", "2021-12-13 13:37:31.051072"]]
  [1m[36mTRANSACTION (4.0ms)[0m  [1m[36mcommit transaction[0m
  [1m[36mActiveRecord::InternalMetadata Load (0.1ms)[0m  [1m[34mSELECT "ar_internal_metadata".* FROM "ar_internal_metadata" WHERE "ar_internal_metadata"."key" = ? LIMIT ?[0m  [["key", "environment"], ["LIMIT", 1]]
  [1m[36mTRANSACTION (0.0ms)[0m  [1m[36mbegin transaction[0m
  [1m[36mActiveRecord::InternalMetadata Update (0.2ms)[0m  [1m[33mUPDATE "ar_internal_metadata" SET "value" = ?, "updated_at" = ? WHERE "ar_internal_metadata"."key" = ?[0m  [["value", "test"], ["updated_at", "2021-12-13 13:37:31.060736"], ["key", "environment"]]
  [1m[36mTRANSACTION (4.0ms)[0m  [1m[36mcommit transaction[0m
  [1m[36mActiveRecord::InternalMetadata Load (0.1ms)[0m  [1m[34mSELECT "ar_internal_metadata".* FROM "ar_internal_metadata" WHERE "ar_internal_metadata"."key" = ? LIMIT ?[0m  [["key", "schema_sha1"], ["LIMIT", 1]]
  [1m[36mTRANSACTION (0.1ms)[0m  [1m[36mbegin transaction[0m
  [1m[36mActiveRecord::InternalMetadata Create (0.2ms)[0m  [1m[32mINSERT INTO "ar_internal_metadata" ("key", "value", "created_at", "updated_at") VALUES (?, ?, ?, ?)[0m  [["key", "schema_sha1"], ["value", "aff375e7aab4933f8963a6fa5a930973254fdeaa"], ["created_at", "2021-12-13 13:37:31.070808"], ["updated_at", "2021-12-13 13:37:31.070808"]]
  [1m[36mTRANSACTION (4.1ms)[0m  [1m[36mcommit transaction[0m
  [1m[35m (0.1ms)[0m  [1m[34mSELECT sqlite_version(*)[0m
  [1m[35m (0.1ms)[0m  [1m[34mSELECT "schema_migrations"."version" FROM "schema_migrations" ORDER BY "schema_migrations"."version" ASC[0m
  [1m[35m (0.5ms)[0m  [1m[34mSELECT sqlite_version(*)[0m
  [1m[36mUser Load (0.2ms)[0m  [1m[34mSELECT "users".* FROM "users" /* loading for inspect */ LIMIT ?[0m  [["LIMIT", 11]]
Started GET "/" for 127.0.0.1 at 2021-12-13 17:16:18 +0300
  [1m[35m (1.1ms)[0m  [1m[34mSELECT sqlite_version(*)[0m
  [1m[35m (0.3ms)[0m  [1m[34mSELECT "schema_migrations"."version" FROM "schema_migrations" ORDER BY "schema_migrations"."version" ASC[0m
Processing by SessionsController#new as HTML
  Rendering layout layouts/application.html.erb
  Rendering sessions/new.html.erb within layouts/application
  Rendered sessions/new.html.erb within layouts/application (Duration: 15.7ms | Allocations: 933)
[Webpacker] Everything's up-to-date. Nothing to do
  Rendered layout layouts/application.html.erb (Duration: 61.3ms | Allocations: 7575)
Completed 200 OK in 86ms (Views: 72.8ms | ActiveRecord: 0.0ms | Allocations: 10770)


Started POST "/login" for 127.0.0.1 at 2021-12-13 17:16:45 +0300
Processing by SessionsController#create as HTML
  Parameters: {"authenticity_token"=>"[FILTERED]", "email"=>"ph", "password"=>"[FILTERED]", "commit"=>"Login"}
  [1m[36mUser Load (0.2ms)[0m  [1m[34mSELECT "users".* FROM "users" WHERE "users"."email" = ? LIMIT ?[0m  [["email", "ph"], ["LIMIT", 1]]
  ↳ app/controllers/sessions_controller.rb:7:in `create'
Redirected to http://localhost:3000/login
Completed 302 Found in 12ms (ActiveRecord: 0.7ms | Allocations: 4337)


Started GET "/login" for 127.0.0.1 at 2021-12-13 17:16:45 +0300
Processing by SessionsController#new as HTML
  Rendering layout layouts/application.html.erb
  Rendering sessions/new.html.erb within layouts/application
  Rendered sessions/new.html.erb within layouts/application (Duration: 0.8ms | Allocations: 288)
[Webpacker] Everything's up-to-date. Nothing to do
  Rendered layout layouts/application.html.erb (Duration: 6.0ms | Allocations: 3493)
Completed 200 OK in 7ms (Views: 6.7ms | ActiveRecord: 0.0ms | Allocations: 3948)


Started GET "/" for 127.0.0.1 at 2021-12-13 17:16:47 +0300
Processing by SessionsController#new as HTML
  Rendering layout layouts/application.html.erb
  Rendering sessions/new.html.erb within layouts/application
  Rendered sessions/new.html.erb within layouts/application (Duration: 1.1ms | Allocations: 284)
[Webpacker] Everything's up-to-date. Nothing to do
  Rendered layout layouts/application.html.erb (Duration: 9.8ms | Allocations: 3490)
Completed 200 OK in 12ms (Views: 10.6ms | ActiveRecord: 0.0ms | Allocations: 3941)


Started POST "/login" for 127.0.0.1 at 2021-12-13 17:17:06 +0300
Processing by SessionsController#create as HTML
  Parameters: {"authenticity_token"=>"[FILTERED]", "email"=>"phuonght.hp@gmail.com", "password"=>"[FILTERED]", "commit"=>"Login"}
  [1m[36mUser Load (0.1ms)[0m  [1m[34mSELECT "users".* FROM "users" WHERE "users"."email" = ? LIMIT ?[0m  [["email", "phuonght.hp@gmail.com"], ["LIMIT", 1]]
  ↳ app/controllers/sessions_controller.rb:7:in `create'
Redirected to http://localhost:3000/login
Completed 302 Found in 3ms (ActiveRecord: 0.1ms | Allocations: 841)


Started GET "/login" for 127.0.0.1 at 2021-12-13 17:17:06 +0300
Processing by SessionsController#new as HTML
  Rendering layout layouts/application.html.erb
  Rendering sessions/new.html.erb within layouts/application
  Rendered sessions/new.html.erb within layouts/application (Duration: 0.6ms | Allocations: 286)
[Webpacker] Everything's up-to-date. Nothing to do
  Rendered layout layouts/application.html.erb (Duration: 5.2ms | Allocations: 3492)
Completed 200 OK in 6ms (Views: 5.8ms | ActiveRecord: 0.0ms | Allocations: 3946)


Started GET "/users/new" for 127.0.0.1 at 2021-12-13 17:17:09 +0300
Processing by UsersController#new as HTML
  Rendering layout layouts/application.html.erb
  Rendering users/new.html.erb within layouts/application
  Rendered users/_form.html.erb (Duration: 8.1ms | Allocations: 3284)
  Rendered users/new.html.erb within layouts/application (Duration: 9.6ms | Allocations: 3671)
[Webpacker] Everything's up-to-date. Nothing to do
  Rendered layout layouts/application.html.erb (Duration: 15.3ms | Allocations: 6933)
Completed 200 OK in 25ms (Views: 17.0ms | ActiveRecord: 0.4ms | Allocations: 11011)


Started POST "/users" for 127.0.0.1 at 2021-12-13 17:17:22 +0300
Processing by UsersController#create as HTML
  Parameters: {"authenticity_token"=>"[FILTERED]", "user"=>{"username"=>"phuonght017", "email"=>"phuonght.hp@gmail.com", "password"=>"[FILTERED]", "password_confirmation"=>"[FILTERED]"}, "commit"=>"Create User"}
  [1m[36mTRANSACTION (0.1ms)[0m  [1m[36mbegin transaction[0m
  ↳ app/controllers/users_controller.rb:26:in `block in create'
  [1m[36mUser Exists? (0.2ms)[0m  [1m[34mSELECT 1 AS one FROM "users" WHERE "users"."email" = ? LIMIT ?[0m  [["email", "phuonght.hp@gmail.com"], ["LIMIT", 1]]
  ↳ app/controllers/users_controller.rb:26:in `block in create'
  [1m[36mUser Create (0.4ms)[0m  [1m[32mINSERT INTO "users" ("username", "email", "password_digest", "created_at", "updated_at") VALUES (?, ?, ?, ?, ?)[0m  [["username", "phuonght017"], ["email", "phuonght.hp@gmail.com"], ["password_digest", "$2a$12$FGkMfIegSrD2IywRAtIWB.7nflDQtphD8GGD6HAkGE..8eWyABB7i"], ["created_at", "2021-12-13 14:17:22.298343"], ["updated_at", "2021-12-13 14:17:22.298343"]]
  ↳ app/controllers/users_controller.rb:26:in `block in create'
  [1m[36mTRANSACTION (4.7ms)[0m  [1m[36mcommit transaction[0m
  ↳ app/controllers/users_controller.rb:26:in `block in create'
Redirected to http://localhost:3000/users/1
Completed 302 Found in 281ms (ActiveRecord: 5.3ms | Allocations: 6738)


Started GET "/users/1" for 127.0.0.1 at 2021-12-13 17:17:22 +0300
Processing by UsersController#show as HTML
  Parameters: {"id"=>"1"}
  [1m[36mUser Load (0.4ms)[0m  [1m[34mSELECT "users".* FROM "users" WHERE "users"."id" = ? LIMIT ?[0m  [["id", 1], ["LIMIT", 1]]
  ↳ app/controllers/users_controller.rb:61:in `set_user'
  Rendering layout layouts/application.html.erb
  Rendering users/show.html.erb within layouts/application
  Rendered users/show.html.erb within layouts/application (Duration: 1.5ms | Allocations: 321)
[Webpacker] Everything's up-to-date. Nothing to do
  Rendered layout layouts/application.html.erb (Duration: 8.8ms | Allocations: 3537)
Completed 200 OK in 15ms (Views: 9.7ms | ActiveRecord: 0.4ms | Allocations: 4824)


Started GET "/users/new" for 127.0.0.1 at 2021-12-13 17:17:25 +0300
Processing by UsersController#new as HTML
  Rendering layout layouts/application.html.erb
  Rendering users/new.html.erb within layouts/application
  Rendered users/_form.html.erb (Duration: 1.8ms | Allocations: 1027)
  Rendered users/new.html.erb within layouts/application (Duration: 2.2ms | Allocations: 1141)
[Webpacker] Everything's up-to-date. Nothing to do
  Rendered layout layouts/application.html.erb (Duration: 7.0ms | Allocations: 4345)
Completed 200 OK in 8ms (Views: 7.6ms | ActiveRecord: 0.0ms | Allocations: 4808)


Started POST "/users" for 127.0.0.1 at 2021-12-13 17:18:32 +0300
Processing by UsersController#create as HTML
  Parameters: {"authenticity_token"=>"[FILTERED]", "user"=>{"username"=>"chihieu027", "email"=>"a44@mail.ru", "password"=>"[FILTERED]", "password_confirmation"=>"[FILTERED]"}, "commit"=>"Create User"}
  [1m[36mTRANSACTION (0.1ms)[0m  [1m[36mbegin transaction[0m
  ↳ app/controllers/users_controller.rb:26:in `block in create'
  [1m[36mUser Exists? (0.3ms)[0m  [1m[34mSELECT 1 AS one FROM "users" WHERE "users"."email" = ? LIMIT ?[0m  [["email", "a44@mail.ru"], ["LIMIT", 1]]
  ↳ app/controllers/users_controller.rb:26:in `block in create'
  [1m[36mUser Create (0.6ms)[0m  [1m[32mINSERT INTO "users" ("username", "email", "password_digest", "created_at", "updated_at") VALUES (?, ?, ?, ?, ?)[0m  [["username", "chihieu027"], ["email", "a44@mail.ru"], ["password_digest", "$2a$12$5J8pyR5I7orif/J9p3HOGelKIwCzRJK8FPYxs1dmMy5gfQ/lKB3A2"], ["created_at", "2021-12-13 14:18:32.703911"], ["updated_at", "2021-12-13 14:18:32.703911"]]
  ↳ app/controllers/users_controller.rb:26:in `block in create'
  [1m[36mTRANSACTION (5.6ms)[0m  [1m[36mcommit transaction[0m
  ↳ app/controllers/users_controller.rb:26:in `block in create'
Redirected to http://localhost:3000/users/2
Completed 302 Found in 264ms (ActiveRecord: 6.6ms | Allocations: 5769)


Started GET "/users/2" for 127.0.0.1 at 2021-12-13 17:18:32 +0300
Processing by UsersController#show as HTML
  Parameters: {"id"=>"2"}
  [1m[36mUser Load (0.2ms)[0m  [1m[34mSELECT "users".* FROM "users" WHERE "users"."id" = ? LIMIT ?[0m  [["id", 2], ["LIMIT", 1]]
  ↳ app/controllers/users_controller.rb:61:in `set_user'
  Rendering layout layouts/application.html.erb
  Rendering users/show.html.erb within layouts/application
  Rendered users/show.html.erb within layouts/application (Duration: 0.4ms | Allocations: 130)
[Webpacker] Everything's up-to-date. Nothing to do
  Rendered layout layouts/application.html.erb (Duration: 5.9ms | Allocations: 3346)
Completed 200 OK in 9ms (Views: 6.7ms | ActiveRecord: 0.2ms | Allocations: 4355)


Started GET "/friend_num" for 127.0.0.1 at 2021-12-13 17:18:40 +0300
Processing by FriendNumController#input as HTML
  Rendering layout layouts/application.html.erb
  Rendering friend_num/input.html.erb within layouts/application
  Rendered friend_num/input.html.erb within layouts/application (Duration: 0.9ms | Allocations: 425)
[Webpacker] Everything's up-to-date. Nothing to do
  Rendered layout layouts/application.html.erb (Duration: 6.5ms | Allocations: 3668)
Completed 200 OK in 9ms (Views: 8.2ms | ActiveRecord: 0.0ms | Allocations: 4687)


Started GET "/login" for 127.0.0.1 at 2021-12-13 17:18:55 +0300
Processing by SessionsController#new as HTML
  Rendering layout layouts/application.html.erb
  Rendering sessions/new.html.erb within layouts/application
  Rendered sessions/new.html.erb within layouts/application (Duration: 0.8ms | Allocations: 284)
[Webpacker] Everything's up-to-date. Nothing to do
  Rendered layout layouts/application.html.erb (Duration: 6.9ms | Allocations: 3488)
Completed 200 OK in 8ms (Views: 7.6ms | ActiveRecord: 0.0ms | Allocations: 3937)


Started POST "/login" for 127.0.0.1 at 2021-12-13 17:19:18 +0300
Processing by SessionsController#create as HTML
  Parameters: {"authenticity_token"=>"[FILTERED]", "email"=>"a44@mail.ru", "password"=>"[FILTERED]", "commit"=>"Login"}
  [1m[36mUser Load (0.2ms)[0m  [1m[34mSELECT "users".* FROM "users" WHERE "users"."email" = ? LIMIT ?[0m  [["email", "a44@mail.ru"], ["LIMIT", 1]]
  ↳ app/controllers/sessions_controller.rb:7:in `create'
Redirected to http://localhost:3000/friend_num
Completed 302 Found in 254ms (ActiveRecord: 0.2ms | Allocations: 922)


Started GET "/friend_num" for 127.0.0.1 at 2021-12-13 17:19:18 +0300
Processing by FriendNumController#input as HTML
  Rendering layout layouts/application.html.erb
  Rendering friend_num/input.html.erb within layouts/application
  [1m[36mUser Load (0.1ms)[0m  [1m[34mSELECT "users".* FROM "users" WHERE "users"."id" = ? LIMIT ?[0m  [["id", 2], ["LIMIT", 1]]
  ↳ app/controllers/application_controller.rb:6:in `current_user'
  Rendered friend_num/input.html.erb within layouts/application (Duration: 2.6ms | Allocations: 1853)
[Webpacker] Everything's up-to-date. Nothing to do
  Rendered layout layouts/application.html.erb (Duration: 6.7ms | Allocations: 4960)
Completed 200 OK in 8ms (Views: 7.2ms | ActiveRecord: 0.1ms | Allocations: 5413)


Started POST "/result" for 127.0.0.1 at 2021-12-13 17:19:24 +0300
Processing by FriendNumController#result as JS
  Parameters: {"authenticity_token"=>"[FILTERED]", "num"=>"1232", "commit"=>"Get result"}
  Rendering friend_num/result.js.erb
  Rendered friend_num/_result.html.erb (Duration: 0.3ms | Allocations: 214)
  Rendered friend_num/result.js.erb (Duration: 1.2ms | Allocations: 609)
Completed 200 OK in 108ms (Views: 3.3ms | ActiveRecord: 0.0ms | Allocations: 4608)


Started DELETE "/logout" for 127.0.0.1 at 2021-12-13 17:19:37 +0300
Processing by SessionsController#destroy as HTML
  Parameters: {"authenticity_token"=>"[FILTERED]"}
Redirected to http://localhost:3000/login
Completed 302 Found in 1ms (ActiveRecord: 0.0ms | Allocations: 305)


Started GET "/login" for 127.0.0.1 at 2021-12-13 17:19:38 +0300
Processing by SessionsController#new as HTML
  Rendering layout layouts/application.html.erb
  Rendering sessions/new.html.erb within layouts/application
  Rendered sessions/new.html.erb within layouts/application (Duration: 0.6ms | Allocations: 285)
[Webpacker] Everything's up-to-date. Nothing to do
  Rendered layout layouts/application.html.erb (Duration: 7.9ms | Allocations: 3494)
Completed 200 OK in 9ms (Views: 8.5ms | ActiveRecord: 0.0ms | Allocations: 3949)


Started GET "/friend_num" for 127.0.0.1 at 2021-12-13 17:19:47 +0300
Processing by FriendNumController#input as HTML
  Rendering layout layouts/application.html.erb
  Rendering friend_num/input.html.erb within layouts/application
  Rendered friend_num/input.html.erb within layouts/application (Duration: 0.4ms | Allocations: 94)
[Webpacker] Everything's up-to-date. Nothing to do
  Rendered layout layouts/application.html.erb (Duration: 7.7ms | Allocations: 3314)
Completed 200 OK in 9ms (Views: 8.2ms | ActiveRecord: 0.0ms | Allocations: 3757)


Started GET "/login" for 127.0.0.1 at 2021-12-13 17:19:50 +0300
Processing by SessionsController#new as HTML
  Rendering layout layouts/application.html.erb
  Rendering sessions/new.html.erb within layouts/application
  Rendered sessions/new.html.erb within layouts/application (Duration: 1.0ms | Allocations: 284)
[Webpacker] Everything's up-to-date. Nothing to do
  Rendered layout layouts/application.html.erb (Duration: 7.1ms | Allocations: 3489)
Completed 200 OK in 8ms (Views: 7.6ms | ActiveRecord: 0.0ms | Allocations: 3937)


Started GET "/users" for 127.0.0.1 at 2021-12-13 17:19:56 +0300
Processing by UsersController#index as HTML
  Rendering layout layouts/application.html.erb
  Rendering users/index.html.erb within layouts/application
  [1m[36mUser Load (0.2ms)[0m  [1m[34mSELECT "users".* FROM "users"[0m
  ↳ app/views/users/index.html.erb:15
  Rendered users/index.html.erb within layouts/application (Duration: 3.3ms | Allocations: 1224)
[Webpacker] Everything's up-to-date. Nothing to do
  Rendered layout layouts/application.html.erb (Duration: 7.9ms | Allocations: 4440)
Completed 200 OK in 10ms (Views: 8.4ms | ActiveRecord: 0.2ms | Allocations: 5032)


Started GET "/" for 127.0.0.1 at 2021-12-16 20:45:20 +0300
  [1m[35m (2.2ms)[0m  [1m[34mSELECT sqlite_version(*)[0m
  [1m[35m (0.1ms)[0m  [1m[34mSELECT "schema_migrations"."version" FROM "schema_migrations" ORDER BY "schema_migrations"."version" ASC[0m
Processing by SessionsController#new as HTML
  Rendering layout layouts/application.html.erb
  Rendering sessions/new.html.erb within layouts/application
  Rendered sessions/new.html.erb within layouts/application (Duration: 2.1ms | Allocations: 1043)
[Webpacker] Compiling...
[Webpacker] Compiled all packs in /home/hoangphuong/Projects/gitclone/RailsLab12/public/packs
[Webpacker] Hash: e2f281de3ea1fdc4fa5a
Version: webpack 4.46.0
Time: 1595ms
Built at: 12/16/2021 8:45:23 PM
                                     Asset       Size       Chunks                         Chunk Names
    js/application-be412d64645010827f4e.js    125 KiB  application  [emitted] [immutable]  application
js/application-be412d64645010827f4e.js.map    139 KiB  application  [emitted] [dev]        application
                             manifest.json  364 bytes               [emitted]              
Entrypoint application = js/application-be412d64645010827f4e.js js/application-be412d64645010827f4e.js.map
[./app/javascript/channels sync recursive _channel\.js$] ./app/javascript/channels sync _channel\.js$ 160 bytes {application} [built]
[./app/javascript/channels/index.js] 211 bytes {application} [built]
[./app/javascript/packs/application.js] 492 bytes {application} [built]
[./node_modules/webpack/buildin/module.js] (webpack)/buildin/module.js 552 bytes {application} [built]
    + 3 hidden modules

  Rendered layout layouts/application.html.erb (Duration: 3018.4ms | Allocations: 24276)
Completed 200 OK in 3033ms (Views: 3023.5ms | ActiveRecord: 0.0ms | Allocations: 31082)


Started GET "/friend_num" for 127.0.0.1 at 2021-12-16 20:45:30 +0300
  
SyntaxError (/home/hoangphuong/Projects/gitclone/RailsLab12/app/controllers/friend_num_controller.rb:27: syntax error, unexpected `do', expecting `then' or ';' or '\n'
      if (current_user) do
                        ^~
/home/hoangphuong/Projects/gitclone/RailsLab12/app/controllers/friend_num_controller.rb:34: else without rescue is useless
      else
      ^~~~
/home/hoangphuong/Projects/gitclone/RailsLab12/app/controllers/friend_num_controller.rb:38: syntax error, unexpected `end', expecting end-of-input):
  
app/controllers/friend_num_controller.rb:27: syntax error, unexpected `do', expecting `then' or ';' or '\n'
app/controllers/friend_num_controller.rb:34: else without rescue is useless
app/controllers/friend_num_controller.rb:38: syntax error, unexpected `end', expecting end-of-input
app/controllers/friend_num_controller.rb:27: syntax error, unexpected `do', expecting `then' or ';' or '\n'
app/controllers/friend_num_controller.rb:34: else without rescue is useless
app/controllers/friend_num_controller.rb:38: syntax error, unexpected `end', expecting end-of-input
app/controllers/friend_num_controller.rb:27: syntax error, unexpected `do', expecting `then' or ';' or '\n'
app/controllers/friend_num_controller.rb:34: else without rescue is useless
app/controllers/friend_num_controller.rb:38: syntax error, unexpected `end', expecting end-of-input
Started GET "/friend_num" for 127.0.0.1 at 2021-12-16 20:45:57 +0300
Processing by FriendNumController#input as HTML
  Rendering layout layouts/application.html.erb
  Rendering friend_num/input.html.erb within layouts/application
  Rendered friend_num/input.html.erb within layouts/application (Duration: 1.5ms | Allocations: 1679)
  Rendered layout layouts/application.html.erb (Duration: 1.7ms | Allocations: 1749)
Completed 500 Internal Server Error in 4ms (Allocations: 2746)


  
ActionView::Template::Error (undefined method `username' for nil:NilClass):
     9: </head>
    10: <body>
    11: 
    12:         <h1>FRIEND NUMBER - Logged in as <%=current_user.username %></h1>
    13:         <h3>Two numbers are called friend if each of them is equal to the sum of all divisors of another, except for this number itself. </h3>
    14:         <%= form_with(url: friend_num_path, method: "post", local: false) do |form|%>
    15:             <%= form.label :num, "Enter n: " %>
  
app/views/friend_num/input.html.erb:12
Started GET "/friend_num" for 127.0.0.1 at 2021-12-16 20:46:56 +0300
Processing by FriendNumController#input as HTML
  Rendering layout layouts/application.html.erb
  Rendering friend_num/input.html.erb within layouts/application
  Rendered friend_num/input.html.erb within layouts/application (Duration: 1.4ms | Allocations: 1612)
  Rendered layout layouts/application.html.erb (Duration: 1.6ms | Allocations: 1682)
Completed 500 Internal Server Error in 4ms (Allocations: 2890)


  
ActionView::Template::Error (undefined method `username' for nil:NilClass):
     8:     <title>Friend Number</title>
     9: </head>
    10: <body>
    11:         <h1>FRIEND NUMBER - Logged in as <%=current_user.username %></h1>
    12:         <h3>Two numbers are called friend if each of them is equal to the sum of all divisors of another, except for this number itself. </h3>
    13:         <%= form_with(url: friend_num_path, method: "post", local: false) do |form|%>
    14:             <%= form.label :num, "Enter n: " %>
  
app/views/friend_num/input.html.erb:11
Started GET "/" for 127.0.0.1 at 2021-12-16 20:47:01 +0300
Processing by SessionsController#new as HTML
  Rendering layout layouts/application.html.erb
  Rendering sessions/new.html.erb within layouts/application
  Rendered sessions/new.html.erb within layouts/application (Duration: 2.5ms | Allocations: 562)
[Webpacker] Everything's up-to-date. Nothing to do
  Rendered layout layouts/application.html.erb (Duration: 8.2ms | Allocations: 3830)
Completed 200 OK in 12ms (Views: 10.2ms | Allocations: 4839)


Started GET "/friend_num" for 127.0.0.1 at 2021-12-16 20:47:42 +0300
Processing by FriendNumController#input as HTML
Redirected to http://localhost:3000/login
Completed 302 Found in 1ms (Allocations: 342)


Started GET "/login" for 127.0.0.1 at 2021-12-16 20:47:42 +0300
Processing by SessionsController#new as HTML
  Rendering layout layouts/application.html.erb
  Rendering sessions/new.html.erb within layouts/application
  Rendered sessions/new.html.erb within layouts/application (Duration: 1.0ms | Allocations: 333)
[Webpacker] Everything's up-to-date. Nothing to do
  Rendered layout layouts/application.html.erb (Duration: 7.3ms | Allocations: 3399)
Completed 200 OK in 10ms (Views: 8.8ms | Allocations: 4021)


Started GET "/login" for 127.0.0.1 at 2021-12-16 20:48:20 +0300
Processing by SessionsController#new as HTML
  Rendering layout layouts/application.html.erb
  Rendering sessions/new.html.erb within layouts/application
  Rendered sessions/new.html.erb within layouts/application (Duration: 0.8ms | Allocations: 334)
[Webpacker] Everything's up-to-date. Nothing to do
  Rendered layout layouts/application.html.erb (Duration: 7.9ms | Allocations: 3368)
Completed 200 OK in 10ms (Views: 9.1ms | Allocations: 3995)


Started GET "/friend_num" for 127.0.0.1 at 2021-12-16 20:48:30 +0300
Processing by FriendNumController#input as HTML
Redirected to http://localhost:3000/login
Completed 302 Found in 2ms (Allocations: 298)


Started GET "/login" for 127.0.0.1 at 2021-12-16 20:48:30 +0300
Processing by SessionsController#new as HTML
  Rendering layout layouts/application.html.erb
  Rendering sessions/new.html.erb within layouts/application
  Rendered sessions/new.html.erb within layouts/application (Duration: 1.6ms | Allocations: 283)
[Webpacker] Everything's up-to-date. Nothing to do
  Rendered layout layouts/application.html.erb (Duration: 9.0ms | Allocations: 3280)
Completed 200 OK in 12ms (Views: 10.4ms | Allocations: 3720)


Started POST "/login" for 127.0.0.1 at 2021-12-16 20:48:40 +0300
Processing by SessionsController#create as HTML
  Parameters: {"authenticity_token"=>"[FILTERED]", "email"=>"phuonght.hp@gmail.com", "password"=>"[FILTERED]", "commit"=>"Login"}
  [1m[35m (0.1ms)[0m  [1m[34mSELECT sqlite_version(*)[0m
  ↳ app/controllers/sessions_controller.rb:7:in `create'
  [1m[36mUser Load (0.5ms)[0m  [1m[34mSELECT "users".* FROM "users" WHERE "users"."email" = ? LIMIT ?[0m  [["email", "phuonght.hp@gmail.com"], ["LIMIT", 1]]
  ↳ app/controllers/sessions_controller.rb:7:in `create'
Redirected to http://localhost:3000/friend_num
Completed 302 Found in 267ms (ActiveRecord: 1.9ms | Allocations: 6855)


Started GET "/friend_num" for 127.0.0.1 at 2021-12-16 20:48:40 +0300
Processing by FriendNumController#input as HTML
  [1m[36mUser Load (0.2ms)[0m  [1m[34mSELECT "users".* FROM "users" WHERE "users"."id" = ? LIMIT ?[0m  [["id", 1], ["LIMIT", 1]]
  ↳ app/controllers/application_controller.rb:6:in `current_user'
  Rendering layout layouts/application.html.erb
  Rendering friend_num/input.html.erb within layouts/application
  Rendered friend_num/input.html.erb within layouts/application (Duration: 3.1ms | Allocations: 1808)
[Webpacker] Everything's up-to-date. Nothing to do
  Rendered layout layouts/application.html.erb (Duration: 9.3ms | Allocations: 4765)
Completed 200 OK in 13ms (Views: 10.3ms | ActiveRecord: 0.2ms | Allocations: 6059)


Started POST "/result" for 127.0.0.1 at 2021-12-16 20:48:53 +0300
Processing by FriendNumController#result as JS
  Parameters: {"authenticity_token"=>"[FILTERED]", "num"=>"2344", "commit"=>"Get result"}
  [1m[36mUser Load (0.2ms)[0m  [1m[34mSELECT "users".* FROM "users" WHERE "users"."id" = ? LIMIT ?[0m  [["id", 1], ["LIMIT", 1]]
  ↳ app/controllers/application_controller.rb:6:in `current_user'
  Rendering friend_num/result.js.erb
  Rendered friend_num/_result.html.erb (Duration: 0.5ms | Allocations: 213)
  Rendered friend_num/result.js.erb (Duration: 2.7ms | Allocations: 608)
Completed 200 OK in 321ms (Views: 3.7ms | ActiveRecord: 0.2ms | Allocations: 7403)


Started DELETE "/logout" for 127.0.0.1 at 2021-12-16 20:48:55 +0300
Processing by SessionsController#destroy as HTML
  Parameters: {"authenticity_token"=>"[FILTERED]"}
Redirected to http://localhost:3000/login
Completed 302 Found in 3ms (ActiveRecord: 0.0ms | Allocations: 307)


Started GET "/login" for 127.0.0.1 at 2021-12-16 20:48:55 +0300
Processing by SessionsController#new as HTML
  Rendering layout layouts/application.html.erb
  Rendering sessions/new.html.erb within layouts/application
  Rendered sessions/new.html.erb within layouts/application (Duration: 0.8ms | Allocations: 284)
[Webpacker] Everything's up-to-date. Nothing to do
  Rendered layout layouts/application.html.erb (Duration: 7.1ms | Allocations: 3281)
Completed 200 OK in 9ms (Views: 7.8ms | ActiveRecord: 0.0ms | Allocations: 3736)


Started GET "/" for 127.0.0.1 at 2021-12-16 20:56:47 +0300
  [1m[35m (0.6ms)[0m  [1m[34mSELECT sqlite_version(*)[0m
  [1m[35m (1.4ms)[0m  [1m[34mSELECT "schema_migrations"."version" FROM "schema_migrations" ORDER BY "schema_migrations"."version" ASC[0m
Processing by SessionsController#new as HTML
  Rendering layout layouts/application.html.erb
  Rendering sessions/new.html.erb within layouts/application
  Rendered sessions/new.html.erb within layouts/application (Duration: 1.8ms | Allocations: 946)
[Webpacker] Everything's up-to-date. Nothing to do
  Rendered layout layouts/application.html.erb (Duration: 11.6ms | Allocations: 7430)
Completed 200 OK in 47ms (Views: 14.2ms | ActiveRecord: 0.0ms | Allocations: 11081)


Started GET "/users/new" for 127.0.0.1 at 2021-12-16 20:56:53 +0300
Processing by UsersController#new as HTML
  Rendering layout layouts/application.html.erb
  Rendering users/new.html.erb within layouts/application
  Rendered users/_form.html.erb (Duration: 15.8ms | Allocations: 5114)
  Rendered users/new.html.erb within layouts/application (Duration: 17.2ms | Allocations: 5496)
[Webpacker] Everything's up-to-date. Nothing to do
  Rendered layout layouts/application.html.erb (Duration: 23.3ms | Allocations: 8553)
Completed 200 OK in 43ms (Views: 25.2ms | ActiveRecord: 1.4ms | Allocations: 13793)


Started GET "/users" for 127.0.0.1 at 2021-12-16 20:57:03 +0300
Processing by UsersController#index as HTML
Redirected to http://localhost:3000/login
Completed 302 Found in 1ms (ActiveRecord: 0.0ms | Allocations: 329)


Started GET "/login" for 127.0.0.1 at 2021-12-16 20:57:03 +0300
Processing by SessionsController#new as HTML
  Rendering layout layouts/application.html.erb
  Rendering sessions/new.html.erb within layouts/application
  Rendered sessions/new.html.erb within layouts/application (Duration: 0.7ms | Allocations: 283)
[Webpacker] Everything's up-to-date. Nothing to do
  Rendered layout layouts/application.html.erb (Duration: 5.9ms | Allocations: 3282)
Completed 200 OK in 7ms (Views: 6.6ms | ActiveRecord: 0.0ms | Allocations: 3731)


Started POST "/login" for 127.0.0.1 at 2021-12-16 20:57:11 +0300
Processing by SessionsController#create as HTML
  Parameters: {"authenticity_token"=>"[FILTERED]", "email"=>"phuonght.hp@gmail.com", "password"=>"[FILTERED]", "commit"=>"Login"}
  [1m[36mUser Load (0.2ms)[0m  [1m[34mSELECT "users".* FROM "users" WHERE "users"."email" = ? LIMIT ?[0m  [["email", "phuonght.hp@gmail.com"], ["LIMIT", 1]]
  ↳ app/controllers/sessions_controller.rb:7:in `create'
Redirected to http://localhost:3000/friend_num
Completed 302 Found in 225ms (ActiveRecord: 0.2ms | Allocations: 3277)


Started GET "/friend_num" for 127.0.0.1 at 2021-12-16 20:57:12 +0300
Processing by FriendNumController#input as HTML
  [1m[36mUser Load (0.1ms)[0m  [1m[34mSELECT "users".* FROM "users" WHERE "users"."id" = ? LIMIT ?[0m  [["id", 1], ["LIMIT", 1]]
  ↳ app/controllers/application_controller.rb:6:in `current_user'
  Rendering layout layouts/application.html.erb
  Rendering friend_num/input.html.erb within layouts/application
  Rendered friend_num/input.html.erb within layouts/application (Duration: 1.1ms | Allocations: 1476)
[Webpacker] Everything's up-to-date. Nothing to do
  Rendered layout layouts/application.html.erb (Duration: 6.0ms | Allocations: 4432)
Completed 200 OK in 10ms (Views: 7.3ms | ActiveRecord: 0.1ms | Allocations: 6129)


Started GET "/users" for 127.0.0.1 at 2021-12-16 20:57:22 +0300
Processing by UsersController#index as HTML
  [1m[36mUser Load (0.3ms)[0m  [1m[34mSELECT "users".* FROM "users" WHERE "users"."id" = ? LIMIT ?[0m  [["id", 1], ["LIMIT", 1]]
  ↳ app/controllers/application_controller.rb:6:in `current_user'
  Rendering layout layouts/application.html.erb
  Rendering users/index.html.erb within layouts/application
  [1m[36mUser Load (0.3ms)[0m  [1m[34mSELECT "users".* FROM "users"[0m
  ↳ app/views/users/index.html.erb:15
  Rendered users/index.html.erb within layouts/application (Duration: 5.9ms | Allocations: 1248)
[Webpacker] Everything's up-to-date. Nothing to do
  Rendered layout layouts/application.html.erb (Duration: 11.9ms | Allocations: 4259)
Completed 200 OK in 19ms (Views: 12.6ms | ActiveRecord: 0.6ms | Allocations: 5425)


Started GET "/friend_num" for 127.0.0.1 at 2021-12-16 20:57:41 +0300
Processing by FriendNumController#input as HTML
  [1m[36mUser Load (0.2ms)[0m  [1m[34mSELECT "users".* FROM "users" WHERE "users"."id" = ? LIMIT ?[0m  [["id", 1], ["LIMIT", 1]]
  ↳ app/controllers/application_controller.rb:6:in `current_user'
  Rendering layout layouts/application.html.erb
  Rendering friend_num/input.html.erb within layouts/application
  Rendered friend_num/input.html.erb within layouts/application (Duration: 1.2ms | Allocations: 1184)
[Webpacker] Everything's up-to-date. Nothing to do
  Rendered layout layouts/application.html.erb (Duration: 7.3ms | Allocations: 4082)
Completed 200 OK in 11ms (Views: 8.0ms | ActiveRecord: 0.2ms | Allocations: 5082)


Started DELETE "/logout" for 127.0.0.1 at 2021-12-16 20:57:42 +0300
Processing by SessionsController#destroy as HTML
  Parameters: {"authenticity_token"=>"[FILTERED]"}
Redirected to http://localhost:3000/login
Completed 302 Found in 2ms (ActiveRecord: 0.0ms | Allocations: 297)


Started GET "/login" for 127.0.0.1 at 2021-12-16 20:57:42 +0300
Processing by SessionsController#new as HTML
  Rendering layout layouts/application.html.erb
  Rendering sessions/new.html.erb within layouts/application
  Rendered sessions/new.html.erb within layouts/application (Duration: 0.6ms | Allocations: 284)
[Webpacker] Everything's up-to-date. Nothing to do
  Rendered layout layouts/application.html.erb (Duration: 5.2ms | Allocations: 3281)
Completed 200 OK in 7ms (Views: 5.8ms | ActiveRecord: 0.0ms | Allocations: 3736)


Started GET "/users" for 127.0.0.1 at 2021-12-16 20:57:48 +0300
Processing by UsersController#index as HTML
Redirected to http://localhost:3000/login
Completed 302 Found in 1ms (ActiveRecord: 0.0ms | Allocations: 288)


Started GET "/login" for 127.0.0.1 at 2021-12-16 20:57:48 +0300
Processing by SessionsController#new as HTML
  Rendering layout layouts/application.html.erb
  Rendering sessions/new.html.erb within layouts/application
  Rendered sessions/new.html.erb within layouts/application (Duration: 0.6ms | Allocations: 283)
[Webpacker] Everything's up-to-date. Nothing to do
  Rendered layout layouts/application.html.erb (Duration: 8.3ms | Allocations: 3282)
Completed 200 OK in 10ms (Views: 9.3ms | ActiveRecord: 0.0ms | Allocations: 3730)


Started GET "/users/1" for 127.0.0.1 at 2021-12-16 20:57:54 +0300
Processing by UsersController#show as HTML
  Parameters: {"id"=>"1"}
  [1m[36mUser Load (0.3ms)[0m  [1m[34mSELECT "users".* FROM "users" WHERE "users"."id" = ? LIMIT ?[0m  [["id", 1], ["LIMIT", 1]]
  ↳ app/controllers/users_controller.rb:79:in `set_user'
Redirected to http://localhost:3000/login
Completed 302 Found in 5ms (ActiveRecord: 0.3ms | Allocations: 843)


Started GET "/login" for 127.0.0.1 at 2021-12-16 20:57:54 +0300
Processing by SessionsController#new as HTML
  Rendering layout layouts/application.html.erb
  Rendering sessions/new.html.erb within layouts/application
  Rendered sessions/new.html.erb within layouts/application (Duration: 1.1ms | Allocations: 283)
[Webpacker] Everything's up-to-date. Nothing to do
  Rendered layout layouts/application.html.erb (Duration: 5.6ms | Allocations: 3280)
Completed 200 OK in 8ms (Views: 7.2ms | ActiveRecord: 0.0ms | Allocations: 3725)


Started GET "/login" for 127.0.0.1 at 2021-12-16 21:00:57 +0300
Processing by SessionsController#new as HTML
  Rendering layout layouts/application.html.erb
  Rendering sessions/new.html.erb within layouts/application
  Rendered sessions/new.html.erb within layouts/application (Duration: 1.1ms | Allocations: 568)
[Webpacker] Everything's up-to-date. Nothing to do
  Rendered layout layouts/application.html.erb (Duration: 13.1ms | Allocations: 3778)
Completed 200 OK in 15ms (Views: 14.5ms | Allocations: 5015)


Started GET "/friend_num" for 127.0.0.1 at 2021-12-16 21:01:08 +0300
Processing by FriendNumController#input as HTML
Redirected to http://localhost:3000/login
Completed 302 Found in 1ms (Allocations: 314)


Started GET "/login" for 127.0.0.1 at 2021-12-16 21:01:08 +0300
Processing by SessionsController#new as HTML
  Rendering layout layouts/application.html.erb
  Rendering sessions/new.html.erb within layouts/application
  Rendered sessions/new.html.erb within layouts/application (Duration: 0.8ms | Allocations: 285)
[Webpacker] Everything's up-to-date. Nothing to do
  Rendered layout layouts/application.html.erb (Duration: 7.7ms | Allocations: 3287)
Completed 200 OK in 9ms (Views: 8.3ms | Allocations: 3737)


